<?xml version="1.0" encoding="UTF-8"?>
<testng-results ignored="0" total="1" passed="1" failed="0" skipped="0">
  <reporter-output>
  </reporter-output>
  <suite started-at="2025-07-29T21:12:46 IST" name="Suite" finished-at="2025-07-29T21:13:04 IST" duration-ms="18322">
    <groups>
    </groups>
    <test started-at="2025-07-29T21:12:46 IST" name="Test" finished-at="2025-07-29T21:13:04 IST" duration-ms="18322">
      <class name="testCases.TC007_AddressBookTest">
        <test-method is-config="true" signature="setup(java.lang.String,java.lang.String)[pri:0, instance:testCases.TC007_AddressBookTest@6f0b0a5e]" started-at="2025-07-29T21:12:46 IST" name="setup" finished-at="2025-07-29T21:12:56 IST" duration-ms="10068" status="PASS">
          <params>
            <param index="0">
              <value>
                <![CDATA[Windows]]>
              </value>
            </param>
            <param index="1">
              <value>
                <![CDATA[Edge]]>
              </value>
            </param>
          </params>
          <reporter-output>
          </reporter-output>
        </test-method> <!-- setup -->
        <test-method signature="verifyAddressBookPage()[pri:0, instance:testCases.TC007_AddressBookTest@6f0b0a5e]" started-at="2025-07-29T21:12:57 IST" name="verifyAddressBookPage" finished-at="2025-07-29T21:13:04 IST" duration-ms="7297" status="PASS">
          <reporter-output>
          </reporter-output>
        </test-method> <!-- verifyAddressBookPage -->
        <test-method is-config="true" signature="tearDown()[pri:0, instance:testCases.TC007_AddressBookTest@6f0b0a5e]" started-at="2025-07-29T21:13:04 IST" name="tearDown" finished-at="2025-07-29T21:13:04 IST" duration-ms="479" status="PASS">
          <reporter-output>
          </reporter-output>
        </test-method> <!-- tearDown -->
      </class> <!-- testCases.TC007_AddressBookTest -->
    </test> <!-- Test -->
  </suite> <!-- Suite -->
</testng-results>
